\BOOKMARK [1][-]{section.1}{\376\377\000O\000b\000j\000e\000t\000i\000v\000o\000\040\000d\000o\000\040\000D\000o\000c\000u\000m\000e\000n\000t\000o}{}% 1
\BOOKMARK [1][-]{section.2}{\376\377\000P\000r\000i\000n\000c\000\355\000p\000i\000o\000s\000\040\000G\000e\000r\000a\000i\000s}{}% 2
\BOOKMARK [2][-]{subsection.2.1}{\376\377\000M\000u\000l\000t\000i\000-\000t\000e\000n\000a\000n\000t}{section.2}% 3
\BOOKMARK [2][-]{subsection.2.2}{\376\377\000M\000o\000d\000e\000l\000o\000\040\000N\000o\000S\000Q\000L}{section.2}% 4
\BOOKMARK [2][-]{subsection.2.3}{\376\377\000C\000o\000n\000v\000e\000n\000\347\000\365\000e\000s\000\040\000d\000e\000\040\000T\000i\000p\000o\000s}{section.2}% 5
\BOOKMARK [2][-]{subsection.2.4}{\376\377\000P\000a\000d\000r\000\343\000o\000\040\000d\000e\000\040\000A\000u\000d\000i\000t\000o\000r\000i\000a\000\040\000e\000\040\000S\000o\000f\000t\000\040\000D\000e\000l\000e\000t\000e}{section.2}% 6
\BOOKMARK [2][-]{subsection.2.5}{\376\377\000L\000G\000P\000D\000\040\040\023\000\040\000C\000l\000a\000s\000s\000i\000f\000i\000c\000a\000\347\000\343\000o\000\040\000C\000o\000n\000c\000e\000i\000t\000u\000a\000l}{section.2}% 7
\BOOKMARK [1][-]{section.3}{\376\377\000L\000i\000s\000t\000a\000\040\000d\000e\000\040\000C\000o\000l\000e\000\347\000\365\000e\000s\000\040\000d\000o\000\040\000M\000o\000d\000e\000l\000o\000\040\000v\0000\000.\0001}{}% 8
\BOOKMARK [1][-]{section.4}{\376\377\000E\000s\000p\000e\000c\000i\000f\000i\000c\000a\000\347\000\365\000e\000s\000\040\000d\000e\000\040\000C\000o\000l\000e\000\347\000\365\000e\000s}{}% 9
\BOOKMARK [2][-]{subsection.4.1}{\376\377\000o\000r\000g\000a\000n\000i\000z\000a\000t\000i\000o\000n\000s}{section.4}% 10
\BOOKMARK [2][-]{subsection.4.2}{\376\377\000u\000s\000e\000r\000s}{section.4}% 11
\BOOKMARK [2][-]{subsection.4.3}{\376\377\000o\000p\000e\000r\000a\000t\000o\000r\000s}{section.4}% 12
\BOOKMARK [2][-]{subsection.4.4}{\376\377\000c\000l\000i\000e\000n\000t\000s}{section.4}% 13
\BOOKMARK [2][-]{subsection.4.5}{\376\377\000c\000o\000n\000t\000r\000a\000c\000t\000s}{section.4}% 14
\BOOKMARK [2][-]{subsection.4.6}{\376\377\000p\000o\000s\000t\000s}{section.4}% 15
\BOOKMARK [2][-]{subsection.4.7}{\376\377\000e\000q\000u\000i\000p\000m\000e\000n\000t\000T\000y\000p\000e\000s}{section.4}% 16
\BOOKMARK [2][-]{subsection.4.8}{\376\377\000e\000q\000u\000i\000p\000m\000e\000n\000t\000s}{section.4}% 17
\BOOKMARK [2][-]{subsection.4.9}{\376\377\000a\000s\000s\000i\000g\000n\000m\000e\000n\000t\000s}{section.4}% 18
\BOOKMARK [2][-]{subsection.4.10}{\376\377\000t\000e\000r\000m\000s}{section.4}% 19
\BOOKMARK [2][-]{subsection.4.11}{\376\377\000m\000a\000i\000n\000t\000e\000n\000a\000n\000c\000e\000O\000r\000d\000e\000r\000s}{section.4}% 20
\BOOKMARK [2][-]{subsection.4.12}{\376\377\000a\000l\000e\000r\000t\000s}{section.4}% 21
\BOOKMARK [2][-]{subsection.4.13}{\376\377\000a\000u\000d\000i\000t\000L\000o\000g\000s}{section.4}% 22
\BOOKMARK [2][-]{subsection.4.14}{\376\377\000c\000u\000s\000t\000o\000m\000F\000i\000e\000l\000d\000s\000\040\000\050\000o\000p\000c\000i\000o\000n\000a\000l\000\051}{section.4}% 23
