This is pdfTeX, Version 3.141592653-2.6-1.40.25 (TeX Live 2023/Debian) (preloaded format=pdflatex 2025.8.8)  15 NOV 2025 03:36
entering extended mode
 restricted \write18 enabled.
 file:line:error style messages enabled.
 %&-line parsing enabled.
**"/home/caio/Documentos/PESSOAL/PROJETOS/opsafe/DOCS/Especificação de Modelo de Dados/OpSafe-Data-Model-Spec-v0.1.tex"
(/home/caio/Documentos/PESSOAL/PROJETOS/opsafe/DOCS/Especificação de Modelo de Dados/OpSafe-Data-Model-Spec-v0.1.tex
LaTeX2e <2023-11-01> patch level 1
L3 programming layer <2024-01-22>
(/usr/share/texlive/texmf-dist/tex/latex/base/article.cls
Document Class: article 2023/05/17 v1.4n Standard LaTeX document class
(/usr/share/texlive/texmf-dist/tex/latex/base/size12.clo
File: size12.clo 2023/05/17 v1.4n Standard LaTeX file (size option)
)
\c@part=\count187
\c@section=\count188
\c@subsection=\count189
\c@subsubsection=\count190
\c@paragraph=\count191
\c@subparagraph=\count192
\c@figure=\count193
\c@table=\count194
\abovecaptionskip=\skip48
\belowcaptionskip=\skip49
\bibindent=\dimen140
) (/usr/share/texlive/texmf-dist/tex/latex/base/inputenc.sty
Package: inputenc 2021/02/14 v1.3d Input encoding file
\inpenc@prehook=\toks17
\inpenc@posthook=\toks18
) (/usr/share/texlive/texmf-dist/tex/generic/babel/babel.sty
Package: babel 2024/01/07 v24.1 The Babel package
\babel@savecnt=\count195
\U@D=\dimen141
\l@unhyphenated=\language89
 (/usr/share/texlive/texmf-dist/tex/generic/babel/txtbabel.def)
\bbl@readstream=\read2
\bbl@dirlevel=\count196
 (/usr/share/texlive/texmf-dist/tex/generic/babel-portuges/brazil.ldf
Language: portuges 2021/07/09 v1.2t Portuguese support from the babel system
Package babel Info: Hyphen rules for 'brazil' set to \l@portuguese
(babel)             (\language56). Reported on input line 111.
Package babel Info: Making " an active character on input line 143.
)) (/usr/share/texlive/texmf-dist/tex/latex/geometry/geometry.sty
Package: geometry 2020/01/02 v5.9 Page Geometry
 (/usr/share/texlive/texmf-dist/tex/latex/graphics/keyval.sty
Package: keyval 2022/05/29 v1.15 key=value parser (DPC)
\KV@toks@=\toks19
) (/usr/share/texlive/texmf-dist/tex/generic/iftex/ifvtex.sty
Package: ifvtex 2019/10/25 v1.7 ifvtex legacy package. Use iftex instead.
 (/usr/share/texlive/texmf-dist/tex/generic/iftex/iftex.sty
Package: iftex 2022/02/03 v1.0f TeX engine tests
))
\Gm@cnth=\count197
\Gm@cntv=\count198
\c@Gm@tempcnt=\count199
\Gm@bindingoffset=\dimen142
\Gm@wd@mp=\dimen143
\Gm@odd@mp=\dimen144
\Gm@even@mp=\dimen145
\Gm@layoutwidth=\dimen146
\Gm@layoutheight=\dimen147
\Gm@layouthoffset=\dimen148
\Gm@layoutvoffset=\dimen149
\Gm@dimlist=\toks20
) (/usr/share/texlive/texmf-dist/tex/latex/setspace/setspace.sty
Package: setspace 2022/12/04 v6.7b set line spacing
) (/usr/share/texlive/texmf-dist/tex/latex/titlesec/titlesec.sty
Package: titlesec 2023/10/27 v2.16 Sectioning titles
\ttl@box=\box51
\beforetitleunit=\skip50
\aftertitleunit=\skip51
\ttl@plus=\dimen150
\ttl@minus=\dimen151
\ttl@toksa=\toks21
\titlewidth=\dimen152
\titlewidthlast=\dimen153
\titlewidthfirst=\dimen154
) (/usr/share/texlive/texmf-dist/tex/latex/hyperref/hyperref.sty
Package: hyperref 2024-01-20 v7.01h Hypertext links for LaTeX
 (/usr/share/texlive/texmf-dist/tex/latex/kvsetkeys/kvsetkeys.sty
Package: kvsetkeys 2022-10-05 v1.19 Key value parser (HO)
) (/usr/share/texlive/texmf-dist/tex/generic/kvdefinekeys/kvdefinekeys.sty
Package: kvdefinekeys 2019-12-19 v1.6 Define keys (HO)
) (/usr/share/texlive/texmf-dist/tex/generic/pdfescape/pdfescape.sty
Package: pdfescape 2019/12/09 v1.15 Implements pdfTeX's escape features (HO)
 (/usr/share/texlive/texmf-dist/tex/generic/ltxcmds/ltxcmds.sty
Package: ltxcmds 2023-12-04 v1.26 LaTeX kernel commands for general use (HO)
) (/usr/share/texlive/texmf-dist/tex/generic/pdftexcmds/pdftexcmds.sty
Package: pdftexcmds 2020-06-27 v0.33 Utility functions of pdfTeX for LuaTeX (HO)
 (/usr/share/texlive/texmf-dist/tex/generic/infwarerr/infwarerr.sty
Package: infwarerr 2019/12/03 v1.5 Providing info/warning/error messages (HO)
)
Package pdftexcmds Info: \pdf@primitive is available.
Package pdftexcmds Info: \pdf@ifprimitive is available.
Package pdftexcmds Info: \pdfdraftmode found.
)) (/usr/share/texlive/texmf-dist/tex/latex/hycolor/hycolor.sty
Package: hycolor 2020-01-27 v1.10 Color options for hyperref/bookmark (HO)
) (/usr/share/texlive/texmf-dist/tex/latex/auxhook/auxhook.sty
Package: auxhook 2019-12-17 v1.6 Hooks for auxiliary files (HO)
) (/usr/share/texlive/texmf-dist/tex/latex/hyperref/nameref.sty
Package: nameref 2023-11-26 v2.56 Cross-referencing by name of section
 (/usr/share/texlive/texmf-dist/tex/latex/refcount/refcount.sty
Package: refcount 2019/12/15 v3.6 Data extraction from label references (HO)
) (/usr/share/texlive/texmf-dist/tex/generic/gettitlestring/gettitlestring.sty
Package: gettitlestring 2019/12/15 v1.6 Cleanup title references (HO)
 (/usr/share/texlive/texmf-dist/tex/latex/kvoptions/kvoptions.sty
Package: kvoptions 2022-06-15 v3.15 Key value format for package options (HO)
))
\c@section@level=\count266
) (/usr/share/texlive/texmf-dist/tex/latex/etoolbox/etoolbox.sty
Package: etoolbox 2020/10/05 v2.5k e-TeX tools for LaTeX (JAW)
\etb@tempcnta=\count267
)
\@linkdim=\dimen155
\Hy@linkcounter=\count268
\Hy@pagecounter=\count269
 (/usr/share/texlive/texmf-dist/tex/latex/hyperref/pd1enc.def
File: pd1enc.def 2024-01-20 v7.01h Hyperref: PDFDocEncoding definition (HO)
Now handling font encoding PD1 ...
... no UTF-8 mapping file for font encoding PD1
) (/usr/share/texlive/texmf-dist/tex/generic/intcalc/intcalc.sty
Package: intcalc 2019/12/15 v1.3 Expandable calculations with integers (HO)
)
\Hy@SavedSpaceFactor=\count270
 (/usr/share/texlive/texmf-dist/tex/latex/hyperref/puenc.def
File: puenc.def 2024-01-20 v7.01h Hyperref: PDF Unicode definition (HO)
Now handling font encoding PU ...
... no UTF-8 mapping file for font encoding PU
)
Package hyperref Info: Hyper figures OFF on input line 4179.
Package hyperref Info: Link nesting OFF on input line 4184.
Package hyperref Info: Hyper index ON on input line 4187.
Package hyperref Info: Plain pages OFF on input line 4194.
Package hyperref Info: Backreferencing OFF on input line 4199.
Package hyperref Info: Implicit mode ON; LaTeX internals redefined.
Package hyperref Info: Bookmarks ON on input line 4446.
\c@Hy@tempcnt=\count271
 (/usr/share/texlive/texmf-dist/tex/latex/url/url.sty
\Urlmuskip=\muskip16
Package: url 2013/09/16  ver 3.4  Verb mode for urls, etc.
)
LaTeX Info: Redefining \url on input line 4784.
\XeTeXLinkMargin=\dimen156
 (/usr/share/texlive/texmf-dist/tex/generic/bitset/bitset.sty
Package: bitset 2019/12/09 v1.3 Handle bit-vector datatype (HO)
 (/usr/share/texlive/texmf-dist/tex/generic/bigintcalc/bigintcalc.sty
Package: bigintcalc 2019/12/15 v1.5 Expandable calculations on big integers (HO)
))
\Fld@menulength=\count272
\Field@Width=\dimen157
\Fld@charsize=\dimen158
Package hyperref Info: Hyper figures OFF on input line 6063.
Package hyperref Info: Link nesting OFF on input line 6068.
Package hyperref Info: Hyper index ON on input line 6071.
Package hyperref Info: backreferencing OFF on input line 6078.
Package hyperref Info: Link coloring OFF on input line 6083.
Package hyperref Info: Link coloring with OCG OFF on input line 6088.
Package hyperref Info: PDF/A mode OFF on input line 6093.
 (/usr/share/texlive/texmf-dist/tex/latex/base/atbegshi-ltx.sty
Package: atbegshi-ltx 2021/01/10 v1.0c Emulation of the original atbegshi
package with kernel methods
)
\Hy@abspage=\count273
\c@Item=\count274
\c@Hfootnote=\count275
)
Package hyperref Info: Driver (autodetected): hpdftex.
 (/usr/share/texlive/texmf-dist/tex/latex/hyperref/hpdftex.def
File: hpdftex.def 2024-01-20 v7.01h Hyperref driver for pdfTeX
 (/usr/share/texlive/texmf-dist/tex/latex/base/atveryend-ltx.sty
Package: atveryend-ltx 2020/08/19 v1.0a Emulation of the original atveryend package
with kernel methods
)
\Fld@listcount=\count276
\c@bookmark@seq@number=\count277
 (/usr/share/texlive/texmf-dist/tex/latex/rerunfilecheck/rerunfilecheck.sty
Package: rerunfilecheck 2022-07-10 v1.10 Rerun checks for auxiliary files (HO)
 (/usr/share/texlive/texmf-dist/tex/generic/uniquecounter/uniquecounter.sty
Package: uniquecounter 2019/12/15 v1.4 Provide unlimited unique counter (HO)
)
Package uniquecounter Info: New unique counter `rerunfilecheck' on input line 285.
)
\Hy@SectionHShift=\skip52
) (/usr/share/texlive/texmf-dist/tex/latex/tools/longtable.sty
Package: longtable 2023-11-01 v4.19 Multi-page Table package (DPC)
\LTleft=\skip53
\LTright=\skip54
\LTpre=\skip55
\LTpost=\skip56
\LTchunksize=\count278
\LTcapwidth=\dimen159
\LT@head=\box52
\LT@firsthead=\box53
\LT@foot=\box54
\LT@lastfoot=\box55
\LT@gbox=\box56
\LT@cols=\count279
\LT@rows=\count280
\c@LT@tables=\count281
\c@LT@chunks=\count282
\LT@p@ftn=\toks22
) (/usr/share/texlive/texmf-dist/tex/latex/tools/array.sty
Package: array 2023/10/16 v2.5g Tabular extension package (FMi)
\col@sep=\dimen160
\ar@mcellbox=\box57
\extrarowheight=\dimen161
\NC@list=\toks23
\extratabsurround=\skip57
\backup@length=\skip58
\ar@cellbox=\box58
) (/usr/share/texlive/texmf-dist/tex/latex/l3backend/l3backend-pdftex.def
File: l3backend-pdftex.def 2024-01-04 L3 backend support: PDF output (pdfTeX)
\l__color_backend_stack_int=\count283
\l__pdf_internal_box=\box59
) (./OpSafe-Data-Model-Spec-v0.1.aux)
\openout1 = `OpSafe-Data-Model-Spec-v0.1.aux'.

LaTeX Font Info:    Checking defaults for OML/cmm/m/it on input line 21.
LaTeX Font Info:    ... okay on input line 21.
LaTeX Font Info:    Checking defaults for OMS/cmsy/m/n on input line 21.
LaTeX Font Info:    ... okay on input line 21.
LaTeX Font Info:    Checking defaults for OT1/cmr/m/n on input line 21.
LaTeX Font Info:    ... okay on input line 21.
LaTeX Font Info:    Checking defaults for T1/cmr/m/n on input line 21.
LaTeX Font Info:    ... okay on input line 21.
LaTeX Font Info:    Checking defaults for TS1/cmr/m/n on input line 21.
LaTeX Font Info:    ... okay on input line 21.
LaTeX Font Info:    Checking defaults for OMX/cmex/m/n on input line 21.
LaTeX Font Info:    ... okay on input line 21.
LaTeX Font Info:    Checking defaults for U/cmr/m/n on input line 21.
LaTeX Font Info:    ... okay on input line 21.
LaTeX Font Info:    Checking defaults for PD1/pdf/m/n on input line 21.
LaTeX Font Info:    ... okay on input line 21.
LaTeX Font Info:    Checking defaults for PU/pdf/m/n on input line 21.
LaTeX Font Info:    ... okay on input line 21.

*geometry* driver: auto-detecting
*geometry* detected driver: pdftex
*geometry* verbose mode - [ preamble ] result:
* driver: pdftex
* paper: a4paper
* layout: <same size as paper>
* layoutoffset:(h,v)=(0.0pt,0.0pt)
* modes: 
* h-part:(L,W,R)=(71.13188pt, 455.24411pt, 71.13188pt)
* v-part:(T,H,B)=(71.13188pt, 702.78308pt, 71.13188pt)
* \paperwidth=597.50787pt
* \paperheight=845.04684pt
* \textwidth=455.24411pt
* \textheight=702.78308pt
* \oddsidemargin=-1.1381pt
* \evensidemargin=-1.1381pt
* \topmargin=-38.1381pt
* \headheight=12.0pt
* \headsep=25.0pt
* \topskip=12.0pt
* \footskip=30.0pt
* \marginparwidth=35.0pt
* \marginparsep=10.0pt
* \columnsep=10.0pt
* \skip\footins=10.8pt plus 4.0pt minus 2.0pt
* \hoffset=0.0pt
* \voffset=0.0pt
* \mag=1000
* \@twocolumnfalse
* \@twosidefalse
* \@mparswitchfalse
* \@reversemarginfalse
* (1in=72.27pt=25.4mm, 1cm=28.453pt)

Package hyperref Info: Link coloring OFF on input line 21.
(./OpSafe-Data-Model-Spec-v0.1.out) (./OpSafe-Data-Model-Spec-v0.1.out)
\@outlinefile=\write3
\openout3 = `OpSafe-Data-Model-Spec-v0.1.out'.

 [1

{/var/lib/texmf/fonts/map/pdftex/updmap/pdftex.map}] (./OpSafe-Data-Model-Spec-v0.1.toc
LaTeX Font Info:    External font `cmex10' loaded for size
(Font)              <12> on input line 4.
LaTeX Font Info:    External font `cmex10' loaded for size
(Font)              <8> on input line 4.
LaTeX Font Info:    External font `cmex10' loaded for size
(Font)              <6> on input line 4.
)
\tf@toc=\write4
\openout4 = `OpSafe-Data-Model-Spec-v0.1.toc'.


pdfTeX warning (ext4): destination with the same identifier (name{page.1}) has been already used, duplicate ignored
<to be read again> 
                   \relax 
l.37 \newpage
              [1] [2{/usr/share/texmf/fonts/enc/dvips/cm-super/cm-super-ts1.enc}] [3]
Underfull \hbox (badness 10000) in paragraph at lines 164--164
[]|\OT1/cmr/m/n/12 createdAt, cre-a-
 []


Underfull \hbox (badness 10000) in paragraph at lines 164--164
\OT1/cmr/m/n/12 tedByU-se-rId, up-da-
 []


Underfull \hbox (badness 3364) in paragraph at lines 164--164
\OT1/cmr/m/n/12 te-dAt, up-da-tedByU-
 []


Underfull \hbox (badness 10000) in paragraph at lines 164--164
\OT1/cmr/m/n/12 se-rId, de-le-te-dAt,
 []


Underfull \hbox (badness 10000) in paragraph at lines 164--164
\OT1/cmr/m/n/12 de-le-tedByU-se-rId,
 []

[4]
Underfull \hbox (badness 10000) in paragraph at lines 182--182
[]|\OT1/cmr/m/n/12 createdAt, cre-a-
 []


Underfull \hbox (badness 10000) in paragraph at lines 182--182
\OT1/cmr/m/n/12 tedByU-se-rId, up-da-
 []


Underfull \hbox (badness 3364) in paragraph at lines 182--182
\OT1/cmr/m/n/12 te-dAt, up-da-tedByU-
 []


Underfull \hbox (badness 10000) in paragraph at lines 182--182
\OT1/cmr/m/n/12 se-rId, de-le-te-dAt,
 []


Underfull \hbox (badness 10000) in paragraph at lines 182--182
\OT1/cmr/m/n/12 de-le-tedByU-se-rId,
 []


Underfull \hbox (badness 10000) in paragraph at lines 195--195
[]|\OT1/cmr/m/n/12 C^^Sodigo in-terno / matr^^S^^Pcula
 []


Underfull \hbox (badness 10000) in paragraph at lines 201--201
[]|\OT1/cmr/m/n/12 createdAt, cre-a-
 []


Underfull \hbox (badness 10000) in paragraph at lines 201--201
\OT1/cmr/m/n/12 tedByU-se-rId, up-da-
 []


Underfull \hbox (badness 3364) in paragraph at lines 201--201
\OT1/cmr/m/n/12 te-dAt, up-da-tedByU-
 []


Underfull \hbox (badness 10000) in paragraph at lines 201--201
\OT1/cmr/m/n/12 se-rId, de-le-te-dAt,
 []


Underfull \hbox (badness 10000) in paragraph at lines 201--201
\OT1/cmr/m/n/12 de-le-tedByU-se-rId,
 []

[5]
Overfull \hbox (8.02747pt too wide) in paragraph at lines 207--208
\OT1/cmr/m/n/12 Clientes fi-nais aten-di-dos pela or-ga-niza^^Xc~ao de se-gu-ran^^Xca (con-dom^^S^^Pnios, em-pre-sas, ind^^Sustrias). 
 []


Underfull \hbox (badness 10000) in paragraph at lines 219--219
[]|\OT1/cmr/m/n/12 createdAt, cre-a-
 []


Underfull \hbox (badness 10000) in paragraph at lines 219--219
\OT1/cmr/m/n/12 tedByU-se-rId, up-da-
 []


Underfull \hbox (badness 3364) in paragraph at lines 219--219
\OT1/cmr/m/n/12 te-dAt, up-da-tedByU-
 []


Underfull \hbox (badness 10000) in paragraph at lines 219--219
\OT1/cmr/m/n/12 se-rId, de-le-te-dAt,
 []


Underfull \hbox (badness 10000) in paragraph at lines 219--219
\OT1/cmr/m/n/12 de-le-tedByU-se-rId,
 []


Underfull \hbox (badness 2285) in paragraph at lines 237--237
[]|\OT1/cmr/m/n/12 Regras m^^S^^Pnimas por posto/tipo de
 []


Underfull \hbox (badness 10000) in paragraph at lines 246--246
[]|\OT1/cmr/m/n/12 createdAt, cre-a-
 []


Underfull \hbox (badness 10000) in paragraph at lines 246--246
\OT1/cmr/m/n/12 tedByU-se-rId, up-da-
 []


Underfull \hbox (badness 3364) in paragraph at lines 246--246
\OT1/cmr/m/n/12 te-dAt, up-da-tedByU-
 []


Underfull \hbox (badness 10000) in paragraph at lines 246--246
\OT1/cmr/m/n/12 se-rId, de-le-te-dAt,
 []


Underfull \hbox (badness 10000) in paragraph at lines 246--246
\OT1/cmr/m/n/12 de-le-tedByU-se-rId,
 []

[6]
Underfull \hbox (badness 10000) in paragraph at lines 263--263
[]|\OT1/cmr/m/n/12 createdAt, cre-a-
 []


Underfull \hbox (badness 10000) in paragraph at lines 263--263
\OT1/cmr/m/n/12 tedByU-se-rId, up-da-
 []


Underfull \hbox (badness 3364) in paragraph at lines 263--263
\OT1/cmr/m/n/12 te-dAt, up-da-tedByU-
 []


Underfull \hbox (badness 10000) in paragraph at lines 263--263
\OT1/cmr/m/n/12 se-rId, de-le-te-dAt,
 []


Underfull \hbox (badness 10000) in paragraph at lines 263--263
\OT1/cmr/m/n/12 de-le-tedByU-se-rId,
 []

[7]
Overfull \hbox (0.80724pt too wide) in paragraph at lines 279--279
[]|\OT1/cmr/m/n/12 defaultValidityMonths| 
 []


Overfull \hbox (45.4526pt too wide) in paragraph at lines 280--280
[]|\OT1/cmr/m/n/12 defaultMaintenanceIntervalKm| 
 []


Underfull \hbox (badness 1199) in paragraph at lines 280--280
[]|\OT1/cmr/m/n/12 Intervalo padr~ao por qui-lo-me-tra-gem
 []


Overfull \hbox (51.88449pt too wide) in paragraph at lines 281--281
[]|\OT1/cmr/m/n/12 defaultMaintenanceIntervalDays| 
 []


Underfull \hbox (badness 1072) in paragraph at lines 282--282
[]|\OT1/cmr/m/n/12 Refer^encia a norma/regulamento in-
 []


Underfull \hbox (badness 10000) in paragraph at lines 283--283
[]|\OT1/cmr/m/n/12 createdAt, cre-a-
 []


Underfull \hbox (badness 10000) in paragraph at lines 283--283
\OT1/cmr/m/n/12 tedByU-se-rId, up-da-
 []


Underfull \hbox (badness 3364) in paragraph at lines 283--283
\OT1/cmr/m/n/12 te-dAt, up-da-tedByU-
 []


Underfull \hbox (badness 10000) in paragraph at lines 283--283
\OT1/cmr/m/n/12 se-rId, de-le-te-dAt,
 []


Underfull \hbox (badness 10000) in paragraph at lines 283--283
\OT1/cmr/m/n/12 de-le-tedByU-se-rId,
 []


Underfull \hbox (badness 3291) in paragraph at lines 297--297
[]|\OT1/cmr/m/n/12 Etiqueta pa-tri-mo-nial in-terna (obri-
 []


Underfull \hbox (badness 10000) in paragraph at lines 298--298
[]|\OT1/cmtt/m/n/12 "available"\OT1/cmr/m/n/12 , \OT1/cmtt/m/n/12 "in[]use"\OT1/cmr/m/n/12 ,
 []


Underfull \hbox (badness 10000) in paragraph at lines 298--298
\OT1/cmtt/m/n/12 "in[]maintenance"\OT1/cmr/m/n/12 ,
 []


Underfull \hbox (badness 10000) in paragraph at lines 312--312
[]|\OT1/cmr/m/n/12 createdAt, cre-a-
 []


Underfull \hbox (badness 10000) in paragraph at lines 312--312
\OT1/cmr/m/n/12 tedByU-se-rId, up-da-
 []


Underfull \hbox (badness 3364) in paragraph at lines 312--312
\OT1/cmr/m/n/12 te-dAt, up-da-tedByU-
 []


Underfull \hbox (badness 10000) in paragraph at lines 312--312
\OT1/cmr/m/n/12 se-rId, de-le-te-dAt,
 []


Underfull \hbox (badness 10000) in paragraph at lines 312--312
\OT1/cmr/m/n/12 de-le-tedByU-se-rId,
 []

[8]
Underfull \hbox (badness 10000) in paragraph at lines 342--342
[]|\OT1/cmr/m/n/12 createdAt, up-da-te-
 []


Underfull \hbox (badness 10000) in paragraph at lines 342--342
\OT1/cmr/m/n/12 dAt, up-da-tedByU-
 []


Underfull \hbox (badness 10000) in paragraph at lines 342--342
\OT1/cmr/m/n/12 se-rId, de-le-te-dAt,
 []


Underfull \hbox (badness 10000) in paragraph at lines 342--342
\OT1/cmr/m/n/12 de-le-tedByU-se-rId,
 []

[9]
Underfull \hbox (badness 10000) in paragraph at lines 363--363
[]|\OT1/cmr/m/n/12 createdAt, cre-a-
 []


Underfull \hbox (badness 10000) in paragraph at lines 363--363
\OT1/cmr/m/n/12 tedByU-se-rId, up-da-
 []


Underfull \hbox (badness 3364) in paragraph at lines 363--363
\OT1/cmr/m/n/12 te-dAt, up-da-tedByU-
 []


Underfull \hbox (badness 10000) in paragraph at lines 363--363
\OT1/cmr/m/n/12 se-rId, de-le-te-dAt,
 []


Underfull \hbox (badness 10000) in paragraph at lines 363--363
\OT1/cmr/m/n/12 de-le-tedByU-se-rId,
 []

[10]
Underfull \hbox (badness 3849) in paragraph at lines 377--377
[]|\OT1/cmtt/m/n/12 "open"\OT1/cmr/m/n/12 , \OT1/cmtt/m/n/12 "in[]progress"\OT1/cmr/m/n/12 , \OT1/cmtt/m/n/12 "closed"\OT1/cmr/m/n/12 ,
 []


Underfull \hbox (badness 10000) in paragraph at lines 385--385
[]|\OT1/cmr/m/n/12 createdAt, cre-a-
 []


Underfull \hbox (badness 10000) in paragraph at lines 385--385
\OT1/cmr/m/n/12 tedByU-se-rId, up-da-
 []


Underfull \hbox (badness 3364) in paragraph at lines 385--385
\OT1/cmr/m/n/12 te-dAt, up-da-tedByU-
 []


Underfull \hbox (badness 10000) in paragraph at lines 385--385
\OT1/cmr/m/n/12 se-rId, de-le-te-dAt,
 []


Underfull \hbox (badness 10000) in paragraph at lines 385--385
\OT1/cmr/m/n/12 de-le-tedByU-se-rId,
 []


Underfull \hbox (badness 10000) in paragraph at lines 397--397
[]|\OT1/cmtt/m/n/12 "epi[]expiry"\OT1/cmr/m/n/12 , \OT1/cmtt/m/n/12 "late[]return"\OT1/cmr/m/n/12 ,
 []


Underfull \hbox (badness 10000) in paragraph at lines 406--406
[]|\OT1/cmr/m/n/12 deletedAt, de-le-
 []


Underfull \hbox (badness 2635) in paragraph at lines 406--406
\OT1/cmr/m/n/12 tedByU-se-rId, is-De-le-
 []

[11]
Underfull \hbox (badness 10000) in paragraph at lines 420--420
[]|\OT1/cmr/m/n/12 A^^Xc~ao re-a-li-zada (ex.:
 []


Overfull \hbox (2.18188pt too wide) in paragraph at lines 429--431
\OT1/cmr/bx/n/12 Observa^^Xc~ao\OT1/cmr/m/n/12 : por padr~ao, \OT1/cmtt/m/n/12 auditLogs \OT1/cmr/m/n/12 n~ao so-fre up-da-tes ou de-le-tes; \OT1/cmtt/m/n/12 updatedAt\OT1/cmr/m/n/12 /\OT1/cmtt/m/n/12 deletedAt
 []


Underfull \hbox (badness 10000) in paragraph at lines 441--441
[]|\OT1/cmr/m/n/12 Nome da cole^^Xc~ao alvo (ex.:
 []


Underfull \hbox (badness 10000) in paragraph at lines 442--442
[]|\OT1/cmr/m/n/12 Identificador in-terno (ex.:
 []


Underfull \hbox (badness 10000) in paragraph at lines 444--444
[]|\OT1/cmtt/m/n/12 "string"\OT1/cmr/m/n/12 , \OT1/cmtt/m/n/12 "number"\OT1/cmr/m/n/12 , \OT1/cmtt/m/n/12 "boolean"\OT1/cmr/m/n/12 ,
 []


Underfull \hbox (badness 10000) in paragraph at lines 446--446
[]|\OT1/cmr/m/n/12 createdAt, cre-a-
 []


Underfull \hbox (badness 10000) in paragraph at lines 446--446
\OT1/cmr/m/n/12 tedByU-se-rId, up-da-
 []


Underfull \hbox (badness 3364) in paragraph at lines 446--446
\OT1/cmr/m/n/12 te-dAt, up-da-tedByU-
 []


Underfull \hbox (badness 10000) in paragraph at lines 446--446
\OT1/cmr/m/n/12 se-rId, de-le-te-dAt,
 []


Underfull \hbox (badness 10000) in paragraph at lines 446--446
\OT1/cmr/m/n/12 de-le-tedByU-se-rId,
 []

[12] [13] (./OpSafe-Data-Model-Spec-v0.1.aux)
 ***********
LaTeX2e <2023-11-01> patch level 1
L3 programming layer <2024-01-22>
 ***********
Package rerunfilecheck Info: File `OpSafe-Data-Model-Spec-v0.1.out' has not changed.
(rerunfilecheck)             Checksum: 169A45ED98B01EAED8DBA72E1DA00230;3115.
 ) 
Here is how much of TeX's memory you used:
 9678 strings out of 474222
 152631 string characters out of 5748734
 1950975 words of memory out of 5000000
 31788 multiletter control sequences out of 15000+600000
 563735 words of font info for 55 fonts, out of 8000000 for 9000
 1141 hyphenation exceptions out of 8191
 75i,6n,79p,395b,548s stack positions out of 10000i,1000n,20000p,200000b,200000s
</usr/share/texlive/texmf-dist/fonts/type1/public/amsfonts/cm/cmbx12.pfb></usr/share/texlive/texmf-dist/fonts/type1/public/amsfonts/cm/cmr10.pfb></usr/share/texlive/texmf-dist/fonts/type1/public/amsfonts/cm/cmr12.pfb></usr/share/texlive/texmf-dist/fonts/type1/public/amsfonts/cm/cmtt12.pfb></usr/share/texmf/fonts/type1/public/cm-super/sfrm1200.pfb>
Output written on OpSafe-Data-Model-Spec-v0.1.pdf (14 pages, 101179 bytes).
PDF statistics:
 253 PDF objects out of 1000 (max. 8388607)
 224 compressed objects within 3 object streams
 66 named destinations out of 1000 (max. 500000)
 185 words of extra memory for PDF output out of 10000 (max. 10000000)

