\BOOKMARK [1][-]{section.1}{\376\377\000C\000o\000n\000t\000e\000x\000t\000o\000\040\000d\000e\000\040\000M\000e\000r\000c\000a\000d\000o}{}% 1
\BOOKMARK [1][-]{section.2}{\376\377\000C\000o\000n\000t\000e\000x\000t\000o\000\040\000R\000e\000g\000u\000l\000a\000t\000\363\000r\000i\000o\000\040\000A\000t\000u\000a\000l\000i\000z\000a\000d\000o}{}% 2
\BOOKMARK [1][-]{section.3}{\376\377\000P\000r\000o\000b\000l\000e\000m\000a\000\040\000C\000e\000n\000t\000r\000a\000l}{}% 3
\BOOKMARK [1][-]{section.4}{\376\377\000O\000b\000j\000e\000t\000i\000v\000o\000s\000\040\000d\000o\000\040\000P\000r\000o\000j\000e\000t\000o}{}% 4
\BOOKMARK [2][-]{subsection.4.1}{\376\377\000O\000b\000j\000e\000t\000i\000v\000o\000\040\000G\000e\000r\000a\000l}{section.4}% 5
\BOOKMARK [2][-]{subsection.4.2}{\376\377\000O\000b\000j\000e\000t\000i\000v\000o\000s\000\040\000E\000s\000p\000e\000c\000\355\000f\000i\000c\000o\000s}{section.4}% 6
\BOOKMARK [1][-]{section.5}{\376\377\000E\000s\000c\000o\000p\000o\000\040\000I\000n\000i\000c\000i\000a\000l\000\040\040\023\000\040\000M\000V\000P}{}% 7
\BOOKMARK [1][-]{section.6}{\376\377\000P\000e\000r\000s\000o\000n\000a\000s}{}% 8
\BOOKMARK [2][-]{subsection.6.1}{\376\377\000S\000u\000p\000e\000r\000v\000i\000s\000o\000r\000\040\000O\000p\000e\000r\000a\000c\000i\000o\000n\000a\000l}{section.6}% 9
\BOOKMARK [2][-]{subsection.6.2}{\376\377\000G\000e\000s\000t\000o\000r\000\040\000d\000e\000\040\000E\000q\000u\000i\000p\000a\000m\000e\000n\000t\000o\000s\000\040\000/\000\040\000F\000r\000o\000t\000a}{section.6}% 10
\BOOKMARK [2][-]{subsection.6.3}{\376\377\000D\000i\000r\000e\000t\000o\000r\000\040\000/\000\040\000P\000r\000o\000p\000r\000i\000e\000t\000\341\000r\000i\000o}{section.6}% 11
\BOOKMARK [1][-]{section.7}{\376\377\000R\000e\000g\000r\000a\000s\000\040\000d\000e\000\040\000N\000e\000g\000\363\000c\000i\000o}{}% 12
\BOOKMARK [2][-]{subsection.7.1}{\376\377\000I\000d\000e\000n\000t\000i\000f\000i\000c\000a\000\347\000\343\000o\000\040\000\372\000n\000i\000c\000a\000\040\000d\000e\000\040\000c\000a\000d\000a\000\040\000e\000q\000u\000i\000p\000a\000m\000e\000n\000t\000o}{section.7}% 13
\BOOKMARK [2][-]{subsection.7.2}{\376\377\000T\000e\000r\000m\000o\000\040\000D\000i\000g\000i\000t\000a\000l\000\040\000o\000b\000r\000i\000g\000a\000t\000\363\000r\000i\000o\000\040\000p\000a\000r\000a\000\040\000e\000n\000t\000r\000e\000g\000a\000\040\000e\000\040\000d\000e\000v\000o\000l\000u\000\347\000\343\000o}{section.7}% 14
\BOOKMARK [2][-]{subsection.7.3}{\376\377\000E\000P\000I\000s\000\040\000c\000o\000m\000\040\000v\000a\000l\000i\000d\000a\000d\000e\000\040\000v\000e\000n\000c\000i\000d\000a\000\040\000n\000\343\000o\000\040\000p\000o\000d\000e\000m\000\040\000s\000e\000r\000\040\000a\000l\000o\000c\000a\000d\000o\000s}{section.7}% 15
\BOOKMARK [2][-]{subsection.7.4}{\376\377\000M\000a\000n\000u\000t\000e\000n\000\347\000\365\000e\000s\000\040\000o\000b\000r\000i\000g\000a\000m\000\040\000a\000b\000e\000r\000t\000u\000r\000a\000\040\000d\000e\000\040\000o\000r\000d\000e\000m\000\040\000r\000e\000g\000i\000s\000t\000r\000a\000d\000a}{section.7}% 16
\BOOKMARK [2][-]{subsection.7.5}{\376\377\000R\000e\000g\000r\000a\000s\000\040\000e\000s\000p\000e\000c\000\355\000f\000i\000c\000a\000s\000\040\000p\000o\000r\000\040\000c\000o\000n\000t\000r\000a\000t\000o}{section.7}% 17
\BOOKMARK [1][-]{section.8}{\376\377\000A\000r\000q\000u\000i\000t\000e\000t\000u\000r\000a\000\040\000d\000e\000\040\000M\000\363\000d\000u\000l\000o\000s\000\040\040\023\000\040\000V\000i\000s\000\343\000o\000\040\000F\000u\000n\000c\000i\000o\000n\000a\000l}{}% 18
\BOOKMARK [2][-]{subsection.8.1}{\376\377\000C\000a\000d\000a\000s\000t\000r\000o}{section.8}% 19
\BOOKMARK [2][-]{subsection.8.2}{\376\377\000O\000p\000e\000r\000a\000\347\000\343\000o}{section.8}% 20
\BOOKMARK [2][-]{subsection.8.3}{\376\377\000M\000a\000n\000u\000t\000e\000n\000\347\000\343\000o}{section.8}% 21
\BOOKMARK [2][-]{subsection.8.4}{\376\377\000R\000e\000l\000a\000t\000\363\000r\000i\000o\000s}{section.8}% 22
\BOOKMARK [1][-]{section.9}{\376\377\000F\000l\000u\000x\000o\000s\000\040\000E\000s\000s\000e\000n\000c\000i\000a\000i\000s}{}% 23
\BOOKMARK [2][-]{subsection.9.1}{\376\377\000F\000l\000u\000x\000o\000\040\000d\000e\000\040\000C\000a\000d\000a\000s\000t\000r\000o\000\040\000d\000e\000\040\000N\000o\000v\000o\000\040\000E\000q\000u\000i\000p\000a\000m\000e\000n\000t\000o}{section.9}% 24
\BOOKMARK [2][-]{subsection.9.2}{\376\377\000F\000l\000u\000x\000o\000\040\000d\000e\000\040\000E\000n\000t\000r\000e\000g\000a\000\040\000a\000o\000\040\000C\000o\000l\000a\000b\000o\000r\000a\000d\000o\000r}{section.9}% 25
\BOOKMARK [2][-]{subsection.9.3}{\376\377\000F\000l\000u\000x\000o\000\040\000d\000e\000\040\000D\000e\000v\000o\000l\000u\000\347\000\343\000o}{section.9}% 26
\BOOKMARK [1][-]{section.10}{\376\377\000M\000\351\000t\000r\000i\000c\000a\000s\000\040\000d\000e\000\040\000S\000u\000c\000e\000s\000s\000o}{}% 27
\BOOKMARK [1][-]{section.11}{\376\377\000P\000r\000e\000m\000i\000s\000s\000a\000s\000\040\000e\000\040\000R\000i\000s\000c\000o\000s}{}% 28
\BOOKMARK [2][-]{subsection.11.1}{\376\377\000P\000r\000e\000m\000i\000s\000s\000a\000s}{section.11}% 29
\BOOKMARK [2][-]{subsection.11.2}{\376\377\000R\000i\000s\000c\000o\000s}{section.11}% 30
\BOOKMARK [1][-]{section.12}{\376\377\000R\000o\000a\000d\000m\000a\000p\000\040\000M\000a\000c\000r\000o}{}% 31
\BOOKMARK [2][-]{subsection.12.1}{\376\377\000F\000a\000s\000e\000\040\0000\000\040\040\023\000\040\000V\000a\000l\000i\000d\000a\000\347\000\343\000o}{section.12}% 32
\BOOKMARK [2][-]{subsection.12.2}{\376\377\000F\000a\000s\000e\000\040\0001\000\040\040\023\000\040\000M\000V\000P}{section.12}% 33
\BOOKMARK [2][-]{subsection.12.3}{\376\377\000F\000a\000s\000e\000\040\0002\000\040\040\023\000\040\000C\000o\000n\000s\000o\000l\000i\000d\000a\000\347\000\343\000o}{section.12}% 34
\BOOKMARK [2][-]{subsection.12.4}{\376\377\000F\000a\000s\000e\000\040\0003\000\040\040\023\000\040\000E\000x\000p\000a\000n\000s\000\343\000o\000\040\000R\000e\000g\000i\000o\000n\000a\000l}{section.12}% 35
